TN:
SF:src/P256.sol
FN:14,P256.verifySignatureAllowMalleability
FNDA:9,P256.verifySignatureAllowMalleability
DA:21,9
DA:23,9
DA:24,9
BRDA:24,0,0,1
DA:28,1
DA:31,8
DA:34,8
BRDA:34,1,0,-
BRDA:34,1,1,-
DA:36,8
FN:43,P256.verifySignature
FNDA:5,P256.verifySignature
DA:51,5
BRDA:51,2,0,1
DA:52,1
DA:55,4
FNF:2
FNH:2
LF:10
LH:10
BRF:4
BRH:2
end_of_record
TN:
SF:src/P256Verifier.sol
FN:27,P256Verifier.
FNDA:2577,P256Verifier.
DA:28,2577
BRDA:28,0,0,1
DA:29,1
DA:32,2576
DA:33,2576
DA:34,2576
DA:35,2576
DA:36,2576
DA:38,2576
DA:40,2576
FN:71,P256Verifier.ecdsa_verify
FNDA:2576,P256Verifier.ecdsa_verify
DA:78,2576
BRDA:78,1,0,297
DA:79,297
DA:82,2279
BRDA:82,2,0,7
DA:83,7
DA:86,2272
DA:88,2272
DA:89,2272
DA:91,2272
DA:97,2272
FN:104,P256Verifier.ecAff_isValidPubkey
FNDA:2279,P256Verifier.ecAff_isValidPubkey
DA:108,2279
BRDA:108,3,0,2
DA:109,2
DA:112,2277
FN:115,P256Verifier.ecAff_satisfiesCurveEqn
FNDA:2277,P256Verifier.ecAff_satisfiesCurveEqn
DA:119,2277
DA:120,2277
DA:121,2277
DA:123,2277
FN:131,P256Verifier.ecZZ_mulmuladd
FNDA:2272,P256Verifier.ecZZ_mulmuladd
DA:137,2272
DA:138,2272
DA:139,2272
DA:140,2272
DA:141,2272
DA:143,2272
DA:146,2272
DA:148,2272
DA:149,2272
DA:152,3088
DA:153,3088
DA:154,3088
DA:155,3088
DA:161,2272
BRDA:161,6,0,836
BRDA:161,6,1,725
DA:162,836
DA:163,1436
BRDA:163,7,0,711
BRDA:163,7,1,725
DA:164,711
DA:165,725
BRDA:165,8,0,725
DA:166,725
DA:169,2272
DA:170,2272
DA:171,580816
DA:172,578544
DA:174,578544
DA:175,578544
DA:177,578544
BRDA:177,9,0,148056
BRDA:177,9,1,143194
DA:178,148056
DA:179,430488
BRDA:179,10,0,147107
BRDA:179,10,1,143194
DA:180,147107
DA:181,283381
BRDA:181,11,0,140187
BRDA:181,11,1,143194
DA:182,140187
DA:184,143194
DA:187,430488
DA:190,2272
DA:191,2272
FN:204,P256Verifier.compute_bitpair
FNDA:581632,P256Verifier.compute_bitpair
DA:205,581632
FN:212,P256Verifier.ecAff_add
FNDA:2272,P256Verifier.ecAff_add
DA:221,2272
DA:222,2272
DA:224,2272
DA:225,2272
DA:227,2272
DA:229,2272
FN:236,P256Verifier.ecAff_IsInf
FNDA:437324,P256Verifier.ecAff_IsInf
DA:242,437324
FN:249,P256Verifier.ecZZ_IsInf
FNDA:1013576,P256Verifier.ecZZ_IsInf
DA:256,1013576
FN:266,P256Verifier.ecZZ_dadd_affine
FNDA:432760,P256Verifier.ecZZ_dadd_affine
DA:274,432760
BRDA:274,14,0,272
BRDA:274,14,1,8
DA:275,1292
DA:276,272
DA:277,431468
BRDA:277,16,0,8
DA:278,8
DA:281,431460
DA:282,431460
DA:284,431460
BRDA:284,17,0,431384
BRDA:284,17,1,56
DA:286,431384
DA:287,431384
DA:288,431384
DA:289,431384
DA:290,431384
DA:291,431384
DA:296,431384
DA:301,76
BRDA:301,18,0,20
BRDA:301,18,1,56
DA:305,20
DA:308,56
DA:311,431460
FN:319,P256Verifier.ecZZ_double_zz
FNDA:578544,P256Verifier.ecZZ_double_zz
DA:321,578544
DA:323,576456
DA:324,576456
DA:325,576456
DA:326,576456
DA:327,576456
DA:329,576456
DA:330,576456
DA:331,576456
DA:332,576456
FN:340,P256Verifier.ecZZ_double_affine
FNDA:20,P256Verifier.ecZZ_double_affine
DA:342,20
DA:344,20
DA:345,20
DA:346,20
DA:347,20
DA:348,20
DA:350,20
DA:351,20
FN:359,P256Verifier.ecZZ_SetAff
FNDA:2272,P256Verifier.ecZZ_SetAff
DA:365,2272
BRDA:365,21,0,16
DA:366,16
DA:367,16
DA:370,2256
DA:371,2256
DA:372,2256
DA:377,2256
DA:378,2256
FN:384,P256Verifier.ecZZ_PointAtInf
FNDA:3164,P256Verifier.ecZZ_PointAtInf
DA:385,3164
FN:391,P256Verifier.ecAffine_PointAtInf
FNDA:16,P256Verifier.ecAffine_PointAtInf
DA:392,16
FN:398,P256Verifier.nModInv
FNDA:2272,P256Verifier.nModInv
DA:399,2272
FN:405,P256Verifier.pModInv
FNDA:4528,P256Verifier.pModInv
DA:406,4528
FN:415,P256Verifier.modInv
FNDA:6800,P256Verifier.modInv
DA:422,6800
DA:423,6800
BRDA:423,22,0,-
BRDA:423,22,1,-
DA:424,6800
FNF:18
FNH:18
LF:121
LH:121
BRF:25
BRH:23
end_of_record
TN:
SF:src/WebAuthn.sol
FN:13,WebAuthn.startsWith
FNDA:6,WebAuthn.startsWith
DA:17,6
DA:18,6
DA:20,6
DA:21,6
DA:23,6
DA:24,209
BRDA:24,0,0,1
DA:25,1
DA:28,208
BRDA:28,1,0,2
DA:29,2
DA:33,3
FN:44,WebAuthn.checkAuthFlags
FNDA:9,WebAuthn.checkAuthFlags
DA:49,9
BRDA:49,2,0,1
DA:50,1
DA:57,8
DA:58,5
DA:59,1
BRDA:59,3,0,1
DA:60,1
DA:65,7
BRDA:65,4,0,2
DA:66,2
BRDA:66,5,0,1
DA:67,1
DA:71,6
FN:124,WebAuthn.verifySignature
FNDA:10,WebAuthn.verifySignature
DA:136,10
DA:137,9
DA:138,4
BRDA:138,6,0,4
DA:139,4
DA:145,6
DA:146,6
DA:151,6
BRDA:151,7,0,3
DA:152,3
DA:156,3
DA:157,3
DA:161,3
FNF:3
FNH:3
LF:31
LH:31
BRF:8
BRH:8
end_of_record
TN:
SF:src/utils/Base64URL.sol
FN:7,Base64URL.encode
FNDA:1800,Base64URL.encode
DA:8,1800
DA:9,1800
DA:12,1800
DA:13,1800
DA:16,1800
DA:17,1800
DA:19,1800
DA:20,524851
BRDA:20,1,0,1248
BRDA:20,1,1,347412
DA:21,1248
DA:22,523603
BRDA:22,2,0,176191
BRDA:22,2,1,347412
DA:23,176191
DA:25,347412
DA:29,1800
FNF:1
FNH:1
LF:13
LH:13
BRF:4
BRH:4
end_of_record
TN:
SF:test/P256.t.sol
FN:10,FakePrecompile.
FNDA:2,FakePrecompile.
DA:11,2
DA:12,2
BRDA:12,0,0,-
BRDA:12,0,1,-
DA:14,2
DA:15,2
BRDA:15,1,0,1
BRDA:15,1,1,1
DA:16,1
DA:18,1
FNF:1
FNH:1
LF:6
LH:6
BRF:4
BRH:2
end_of_record
