TN:
SF:src/P256.sol
FN:27,P256.verifySignature
FNDA:5,P256.verifySignature
DA:35,5
BRDA:35,0,0,1
DA:36,1
DA:39,4
FN:46,P256.verifySignatureAllowMalleability
FNDA:9,P256.verifySignatureAllowMalleability
DA:53,9
DA:55,9
DA:56,9
BRDA:56,1,0,1
DA:58,1
DA:65,8
DA:68,8
BRDA:68,2,0,-
BRDA:68,2,1,-
DA:70,8
FNF:2
FNH:2
LF:10
LH:10
BRF:4
BRH:2
end_of_record
TN:
SF:src/P256Verifier.sol
FN:26,P256Verifier.
FNDA:2577,P256Verifier.
DA:27,2577
BRDA:27,0,0,1
DA:28,1
DA:31,2576
DA:32,2576
DA:33,2576
DA:34,2576
DA:35,2576
DA:37,2576
DA:39,2576
FN:71,P256Verifier.ecdsa_verify
FNDA:2576,P256Verifier.ecdsa_verify
DA:78,2576
BRDA:78,1,0,297
DA:79,297
DA:82,2279
BRDA:82,2,0,7
DA:83,7
DA:86,2272
DA:88,2272
DA:89,2272
DA:91,2272
DA:97,2272
FN:104,P256Verifier.ecAff_isValidPubkey
FNDA:2279,P256Verifier.ecAff_isValidPubkey
DA:108,2279
BRDA:108,3,0,2
DA:109,2
DA:112,2277
DA:113,2277
DA:114,2277
DA:116,2277
FN:125,P256Verifier.ecZZ_mulmuladd
FNDA:2272,P256Verifier.ecZZ_mulmuladd
DA:131,2272
DA:132,2272
DA:133,2272
DA:134,2272
DA:135,2272
DA:137,2272
DA:140,2272
DA:142,2272
DA:143,2272
DA:146,3088
DA:147,3088
DA:148,3088
DA:149,3088
DA:155,2272
BRDA:155,6,0,836
BRDA:155,6,1,725
DA:156,836
DA:157,1436
BRDA:157,7,0,711
BRDA:157,7,1,725
DA:158,711
DA:159,725
BRDA:159,8,0,725
DA:160,725
DA:163,2272
DA:164,2272
DA:165,580816
DA:166,578544
DA:168,578544
DA:169,578544
DA:171,578544
BRDA:171,9,0,148056
BRDA:171,9,1,143194
DA:172,148056
DA:173,430488
BRDA:173,10,0,147107
BRDA:173,10,1,143194
DA:174,147107
DA:175,283381
BRDA:175,11,0,140187
BRDA:175,11,1,143194
DA:176,140187
DA:178,143194
DA:181,430488
DA:184,2272
DA:185,2272
FN:198,P256Verifier.compute_bitpair
FNDA:581632,P256Verifier.compute_bitpair
DA:199,581632
FN:206,P256Verifier.ecAff_add
FNDA:2272,P256Verifier.ecAff_add
DA:215,2272
DA:216,2272
DA:218,2272
DA:219,2272
DA:221,2272
DA:223,2272
FN:230,P256Verifier.ecAff_IsInf
FNDA:437324,P256Verifier.ecAff_IsInf
DA:236,437324
FN:243,P256Verifier.ecZZ_IsInf
FNDA:1013576,P256Verifier.ecZZ_IsInf
DA:249,1013576
FN:259,P256Verifier.ecZZ_dadd_affine
FNDA:432760,P256Verifier.ecZZ_dadd_affine
DA:267,432760
BRDA:267,14,0,272
BRDA:267,14,1,8
DA:268,1292
DA:269,272
DA:270,431468
BRDA:270,16,0,8
DA:271,8
DA:274,431460
DA:275,431460
DA:277,431460
BRDA:277,17,0,431384
BRDA:277,17,1,56
DA:279,431384
DA:280,431384
DA:281,431384
DA:282,431384
DA:283,431384
DA:284,431384
DA:289,431384
DA:294,76
BRDA:294,18,0,20
BRDA:294,18,1,56
DA:298,20
DA:301,56
DA:304,431460
FN:312,P256Verifier.ecZZ_double_zz
FNDA:578544,P256Verifier.ecZZ_double_zz
DA:314,578544
DA:316,576456
DA:317,576456
DA:318,576456
DA:319,576456
DA:320,576456
DA:322,576456
DA:323,576456
DA:324,576456
DA:325,576456
FN:333,P256Verifier.ecZZ_double_affine
FNDA:20,P256Verifier.ecZZ_double_affine
DA:335,20
DA:337,20
DA:338,20
DA:339,20
DA:340,20
DA:341,20
DA:343,20
DA:344,20
FN:352,P256Verifier.ecZZ_SetAff
FNDA:2272,P256Verifier.ecZZ_SetAff
DA:358,2272
BRDA:358,21,0,16
DA:359,16
DA:360,16
DA:363,2256
DA:364,2256
DA:365,2256
DA:370,2256
DA:371,2256
FN:377,P256Verifier.ecZZ_PointAtInf
FNDA:3164,P256Verifier.ecZZ_PointAtInf
DA:378,3164
FN:384,P256Verifier.ecAffine_PointAtInf
FNDA:16,P256Verifier.ecAffine_PointAtInf
DA:385,16
FN:391,P256Verifier.nModInv
FNDA:2272,P256Verifier.nModInv
DA:392,2272
FN:398,P256Verifier.pModInv
FNDA:4528,P256Verifier.pModInv
DA:399,4528
FN:408,P256Verifier.modInv
FNDA:6800,P256Verifier.modInv
DA:415,6800
DA:416,6800
BRDA:416,22,0,-
BRDA:416,22,1,-
DA:417,6800
FNF:17
FNH:17
LF:120
LH:120
BRF:25
BRH:23
end_of_record
TN:
SF:src/WebAuthn.sol
FN:15,WebAuthn.startsWith
FNDA:6,WebAuthn.startsWith
DA:19,6
DA:20,6
DA:22,6
DA:23,6
DA:25,6
DA:26,209
BRDA:26,0,0,1
DA:27,1
DA:30,208
BRDA:30,1,0,2
DA:31,2
DA:35,3
FN:52,WebAuthn.checkAuthFlags
FNDA:9,WebAuthn.checkAuthFlags
DA:57,9
BRDA:57,2,0,1
DA:58,1
DA:65,8
DA:66,5
DA:67,1
BRDA:67,3,0,1
DA:68,1
DA:73,7
BRDA:73,4,0,2
DA:74,2
BRDA:74,5,0,1
DA:75,1
DA:79,6
FN:132,WebAuthn.verifySignature
FNDA:10,WebAuthn.verifySignature
DA:144,10
DA:145,9
DA:146,4
BRDA:146,6,0,4
DA:147,4
DA:153,6
DA:154,6
DA:159,6
BRDA:159,7,0,3
DA:160,3
DA:164,3
DA:165,3
DA:169,3
FNF:3
FNH:3
LF:31
LH:31
BRF:8
BRH:8
end_of_record
TN:
SF:src/utils/Base64URL.sol
FN:7,Base64URL.encode
FNDA:1800,Base64URL.encode
DA:8,1800
DA:9,1800
DA:12,1800
DA:13,1800
DA:16,1800
DA:17,1800
DA:19,1800
DA:20,524851
BRDA:20,1,0,1248
BRDA:20,1,1,347412
DA:21,1248
DA:22,523603
BRDA:22,2,0,176191
BRDA:22,2,1,347412
DA:23,176191
DA:25,347412
DA:29,1800
FNF:1
FNH:1
LF:13
LH:13
BRF:4
BRH:4
end_of_record
TN:
SF:test/P256.t.sol
FN:10,FakePrecompile.
FNDA:2,FakePrecompile.
DA:11,2
DA:12,2
BRDA:12,0,0,-
BRDA:12,0,1,-
DA:14,2
DA:15,2
BRDA:15,1,0,1
BRDA:15,1,1,1
DA:16,1
DA:18,1
FNF:1
FNH:1
LF:6
LH:6
BRF:4
BRH:2
end_of_record
